<!DOCTYPE html PUBLIC "-//W3C//DTD XHTML 1.1//EN" "http://www.w3.org/TR/xhtml11/DTD/xhtml11.dtd">
<html xmlns="http://www.w3.org/1999/xhtml">
<head>
<meta http-equiv="content-type" content="text/html; charset=UTF-8"/>
<title>TestNG Report</title>
<style type="text/css">table {margin-bottom:10px;border-collapse:collapse;empty-cells:show}th,td {border:1px solid #009;padding:.25em .5em}th {vertical-align:bottom}td {vertical-align:top}table a {font-weight:bold}.stripe td {background-color: #E6EBF9}.num {text-align:right}.passedodd td {background-color: #3F3}.passedeven td {background-color: #0A0}.skippedodd td {background-color: #DDD}.skippedeven td {background-color: #CCC}.failedodd td,.attn {background-color: #F33}.failedeven td,.stripe .attn {background-color: #D00}.stacktrace {white-space:pre;font-family:monospace}.totop {font-size:85%;text-align:center;border-bottom:2px solid #000}.invisible {display:none}</style>
</head>
<body>
<table>
<tr><th>Test</th><th># Passed</th><th># Skipped</th><th># Failed</th><th>Time (ms)</th><th>Included Groups</th><th>Excluded Groups</th></tr>
<tr><th colspan="7">Suite</th></tr>
<tr><td><a href="#t0">Test</a></td><td class="num">29</td><td class="num">0</td><td class="num attn">6</td><td class="num">185,063</td><td></td><td></td></tr>
</table>
<table id='summary'><thead><tr><th>Class</th><th>Method</th><th>Start</th><th>Time (ms)</th></tr></thead><tbody><tr><th colspan="4">Suite</th></tr></tbody><tbody id="t0"><tr><th colspan="4">Test &#8212; failed</th></tr><tr class="failedeven"><td rowspan="6">com.tests.DemoWebshopTest</td><td><a href="#m0">testLoginLink</a></td><td rowspan="5">1583396667588</td><td rowspan="5">11137</td></tr><tr class="failedeven"><td><a href="#m1">testLoginLink</a></td></tr><tr class="failedeven"><td><a href="#m2">testLoginLink</a></td></tr><tr class="failedeven"><td><a href="#m3">testLoginLink</a></td></tr><tr class="failedeven"><td><a href="#m4">testLoginLink</a></td></tr><tr class="failedeven"><td><a href="#m5">testRegisterLink</a></td><td rowspan="1">1583396567202</td><td rowspan="1">17509</td></tr><tr><th colspan="4">Test &#8212; passed</th></tr><tr class="passedeven"><td rowspan="29">com.tests.DemoWebshopTest</td><td><a href="#m6">testLoginLink</a></td><td rowspan="23">1583396652498</td><td rowspan="23">2764</td></tr><tr class="passedeven"><td><a href="#m7">testLoginLink</a></td></tr><tr class="passedeven"><td><a href="#m8">testLoginLink</a></td></tr><tr class="passedeven"><td><a href="#m9">testLoginLink</a></td></tr><tr class="passedeven"><td><a href="#m10">testLoginLink</a></td></tr><tr class="passedeven"><td><a href="#m11">testLoginLink</a></td></tr><tr class="passedeven"><td><a href="#m12">testLoginLink</a></td></tr><tr class="passedeven"><td><a href="#m13">testLoginLink</a></td></tr><tr class="passedeven"><td><a href="#m14">testLoginLink</a></td></tr><tr class="passedeven"><td><a href="#m15">testLoginLink</a></td></tr><tr class="passedeven"><td><a href="#m16">testLoginLink</a></td></tr><tr class="passedeven"><td><a href="#m17">testLoginLink</a></td></tr><tr class="passedeven"><td><a href="#m18">testLoginLink</a></td></tr><tr class="passedeven"><td><a href="#m19">testLoginLink</a></td></tr><tr class="passedeven"><td><a href="#m20">testLoginLink</a></td></tr><tr class="passedeven"><td><a href="#m21">testLoginLink</a></td></tr><tr class="passedeven"><td><a href="#m22">testLoginLink</a></td></tr><tr class="passedeven"><td><a href="#m23">testLoginLink</a></td></tr><tr class="passedeven"><td><a href="#m24">testLoginLink</a></td></tr><tr class="passedeven"><td><a href="#m25">testLoginLink</a></td></tr><tr class="passedeven"><td><a href="#m26">testLoginLink</a></td></tr><tr class="passedeven"><td><a href="#m27">testLoginLink</a></td></tr><tr class="passedeven"><td><a href="#m28">testLoginLink</a></td></tr><tr class="passedeven"><td><a href="#m29">testRegisterLink</a></td><td rowspan="6">1583396571856</td><td rowspan="6">2709</td></tr><tr class="passedeven"><td><a href="#m30">testRegisterLink</a></td></tr><tr class="passedeven"><td><a href="#m31">testRegisterLink</a></td></tr><tr class="passedeven"><td><a href="#m32">testRegisterLink</a></td></tr><tr class="passedeven"><td><a href="#m33">testRegisterLink</a></td></tr><tr class="passedeven"><td><a href="#m34">testRegisterLink</a></td></tr></tbody>
</table>
<h2>Test</h2><h3 id="m0">com.tests.DemoWebshopTest#testLoginLink</h3><table class="result"><tr class="param"><th>Parameter #1</th><th>Parameter #2</th></tr><tr class="param stripe"><td>Email</td><td>Password</td></tr><tr><th colspan="2">Exception</th></tr><tr><td colspan="2"><div class="stacktrace">org.openqa.selenium.NoSuchElementException: no such element: Unable to locate element: {&quot;method&quot;:&quot;link text&quot;,&quot;selector&quot;:&quot;Log out&quot;}
  (Session info: chrome=80.0.3987.132)
For documentation on this error, please visit: https://www.seleniumhq.org/exceptions/no_such_element.html
Build info: version: &apos;3.141.59&apos;, revision: &apos;e82be7d358&apos;, time: &apos;2018-11-14T08:17:03&apos;
System info: host: &apos;CDC2-D-CFLNXJ2&apos;, ip: &apos;172.19.73.58&apos;, os.name: &apos;Windows 10&apos;, os.arch: &apos;amd64&apos;, os.version: &apos;10.0&apos;, java.version: &apos;1.8.0_241&apos;
Driver info: org.openqa.selenium.chrome.ChromeDriver
Capabilities {acceptInsecureCerts: false, browserName: chrome, browserVersion: 80.0.3987.132, chrome: {chromedriverVersion: 80.0.3987.106 (f68069574609..., userDataDir: C:\Users\TRAINI~1.01\AppDat...}, goog:chromeOptions: {debuggerAddress: localhost:52386}, javascriptEnabled: true, networkConnectionEnabled: false, pageLoadStrategy: normal, platform: WINDOWS, platformName: WINDOWS, proxy: Proxy(), setWindowRect: true, strictFileInteractability: false, timeouts: {implicit: 0, pageLoad: 300000, script: 30000}, unhandledPromptBehavior: dismiss and notify}
Session ID: 15b146c59f6a586ce549e64d7ff1f1a9
*** Element info: {Using=link text, value=Log out}
	at org.openqa.selenium.remote.http.W3CHttpResponseCodec.createException(W3CHttpResponseCodec.java:187)
	at org.openqa.selenium.remote.http.W3CHttpResponseCodec.decode(W3CHttpResponseCodec.java:122)
	at org.openqa.selenium.remote.http.W3CHttpResponseCodec.decode(W3CHttpResponseCodec.java:49)
	at org.openqa.selenium.remote.HttpCommandExecutor.execute(HttpCommandExecutor.java:158)
	at org.openqa.selenium.remote.service.DriverCommandExecutor.execute(DriverCommandExecutor.java:83)
	at org.openqa.selenium.remote.RemoteWebDriver.execute(RemoteWebDriver.java:552)
	at org.openqa.selenium.remote.RemoteWebDriver.findElement(RemoteWebDriver.java:323)
	at org.openqa.selenium.remote.RemoteWebDriver.findElementByLinkText(RemoteWebDriver.java:380)
	at org.openqa.selenium.By$ByLinkText.findElement(By.java:220)
	at org.openqa.selenium.remote.RemoteWebDriver.findElement(RemoteWebDriver.java:315)
	at org.openqa.selenium.support.pagefactory.DefaultElementLocator.findElement(DefaultElementLocator.java:69)
	at org.openqa.selenium.support.pagefactory.internal.LocatingElementHandler.invoke(LocatingElementHandler.java:38)
	at com.sun.proxy.$Proxy11.click(Unknown Source)
	at com.pages.Login.loginButtonClick(Login.java:33)
	at com.tests.DemoWebshopTest.testLoginLink(DemoWebshopTest.java:123)
... Removed 28 stack frames</div></td></tr></table><p class="totop"><a href="#summary">back to summary</a></p>
<h3 id="m1">com.tests.DemoWebshopTest#testLoginLink</h3><table class="result"><tr class="param"><th>Parameter #1</th><th>Parameter #2</th></tr><tr class="param stripe"><td>Email</td><td>Password</td></tr><tr><th colspan="2">Exception</th></tr><tr><td colspan="2"><div class="stacktrace">org.openqa.selenium.NoSuchElementException: no such element: Unable to locate element: {&quot;method&quot;:&quot;link text&quot;,&quot;selector&quot;:&quot;Log out&quot;}
  (Session info: chrome=80.0.3987.132)
For documentation on this error, please visit: https://www.seleniumhq.org/exceptions/no_such_element.html
Build info: version: &apos;3.141.59&apos;, revision: &apos;e82be7d358&apos;, time: &apos;2018-11-14T08:17:03&apos;
System info: host: &apos;CDC2-D-CFLNXJ2&apos;, ip: &apos;172.19.73.58&apos;, os.name: &apos;Windows 10&apos;, os.arch: &apos;amd64&apos;, os.version: &apos;10.0&apos;, java.version: &apos;1.8.0_241&apos;
Driver info: org.openqa.selenium.chrome.ChromeDriver
Capabilities {acceptInsecureCerts: false, browserName: chrome, browserVersion: 80.0.3987.132, chrome: {chromedriverVersion: 80.0.3987.106 (f68069574609..., userDataDir: C:\Users\TRAINI~1.01\AppDat...}, goog:chromeOptions: {debuggerAddress: localhost:52386}, javascriptEnabled: true, networkConnectionEnabled: false, pageLoadStrategy: normal, platform: WINDOWS, platformName: WINDOWS, proxy: Proxy(), setWindowRect: true, strictFileInteractability: false, timeouts: {implicit: 0, pageLoad: 300000, script: 30000}, unhandledPromptBehavior: dismiss and notify}
Session ID: 15b146c59f6a586ce549e64d7ff1f1a9
*** Element info: {Using=link text, value=Log out}
	at org.openqa.selenium.remote.http.W3CHttpResponseCodec.createException(W3CHttpResponseCodec.java:187)
	at org.openqa.selenium.remote.http.W3CHttpResponseCodec.decode(W3CHttpResponseCodec.java:122)
	at org.openqa.selenium.remote.http.W3CHttpResponseCodec.decode(W3CHttpResponseCodec.java:49)
	at org.openqa.selenium.remote.HttpCommandExecutor.execute(HttpCommandExecutor.java:158)
	at org.openqa.selenium.remote.service.DriverCommandExecutor.execute(DriverCommandExecutor.java:83)
	at org.openqa.selenium.remote.RemoteWebDriver.execute(RemoteWebDriver.java:552)
	at org.openqa.selenium.remote.RemoteWebDriver.findElement(RemoteWebDriver.java:323)
	at org.openqa.selenium.remote.RemoteWebDriver.findElementByLinkText(RemoteWebDriver.java:380)
	at org.openqa.selenium.By$ByLinkText.findElement(By.java:220)
	at org.openqa.selenium.remote.RemoteWebDriver.findElement(RemoteWebDriver.java:315)
	at org.openqa.selenium.support.pagefactory.DefaultElementLocator.findElement(DefaultElementLocator.java:69)
	at org.openqa.selenium.support.pagefactory.internal.LocatingElementHandler.invoke(LocatingElementHandler.java:38)
	at com.sun.proxy.$Proxy11.click(Unknown Source)
	at com.pages.Login.loginButtonClick(Login.java:33)
	at com.tests.DemoWebshopTest.testLoginLink(DemoWebshopTest.java:123)
... Removed 28 stack frames</div></td></tr></table><p class="totop"><a href="#summary">back to summary</a></p>
<h3 id="m2">com.tests.DemoWebshopTest#testLoginLink</h3><table class="result"><tr class="param"><th>Parameter #1</th><th>Parameter #2</th></tr><tr class="param stripe"><td>email@askmail.com</td><td>abc123</td></tr><tr><th colspan="2">Exception</th></tr><tr><td colspan="2"><div class="stacktrace">org.openqa.selenium.NoSuchElementException: no such element: Unable to locate element: {&quot;method&quot;:&quot;link text&quot;,&quot;selector&quot;:&quot;Log out&quot;}
  (Session info: chrome=80.0.3987.132)
For documentation on this error, please visit: https://www.seleniumhq.org/exceptions/no_such_element.html
Build info: version: &apos;3.141.59&apos;, revision: &apos;e82be7d358&apos;, time: &apos;2018-11-14T08:17:03&apos;
System info: host: &apos;CDC2-D-CFLNXJ2&apos;, ip: &apos;172.19.73.58&apos;, os.name: &apos;Windows 10&apos;, os.arch: &apos;amd64&apos;, os.version: &apos;10.0&apos;, java.version: &apos;1.8.0_241&apos;
Driver info: org.openqa.selenium.chrome.ChromeDriver
Capabilities {acceptInsecureCerts: false, browserName: chrome, browserVersion: 80.0.3987.132, chrome: {chromedriverVersion: 80.0.3987.106 (f68069574609..., userDataDir: C:\Users\TRAINI~1.01\AppDat...}, goog:chromeOptions: {debuggerAddress: localhost:52386}, javascriptEnabled: true, networkConnectionEnabled: false, pageLoadStrategy: normal, platform: WINDOWS, platformName: WINDOWS, proxy: Proxy(), setWindowRect: true, strictFileInteractability: false, timeouts: {implicit: 0, pageLoad: 300000, script: 30000}, unhandledPromptBehavior: dismiss and notify}
Session ID: 15b146c59f6a586ce549e64d7ff1f1a9
*** Element info: {Using=link text, value=Log out}
	at org.openqa.selenium.remote.http.W3CHttpResponseCodec.createException(W3CHttpResponseCodec.java:187)
	at org.openqa.selenium.remote.http.W3CHttpResponseCodec.decode(W3CHttpResponseCodec.java:122)
	at org.openqa.selenium.remote.http.W3CHttpResponseCodec.decode(W3CHttpResponseCodec.java:49)
	at org.openqa.selenium.remote.HttpCommandExecutor.execute(HttpCommandExecutor.java:158)
	at org.openqa.selenium.remote.service.DriverCommandExecutor.execute(DriverCommandExecutor.java:83)
	at org.openqa.selenium.remote.RemoteWebDriver.execute(RemoteWebDriver.java:552)
	at org.openqa.selenium.remote.RemoteWebDriver.findElement(RemoteWebDriver.java:323)
	at org.openqa.selenium.remote.RemoteWebDriver.findElementByLinkText(RemoteWebDriver.java:380)
	at org.openqa.selenium.By$ByLinkText.findElement(By.java:220)
	at org.openqa.selenium.remote.RemoteWebDriver.findElement(RemoteWebDriver.java:315)
	at org.openqa.selenium.support.pagefactory.DefaultElementLocator.findElement(DefaultElementLocator.java:69)
	at org.openqa.selenium.support.pagefactory.internal.LocatingElementHandler.invoke(LocatingElementHandler.java:38)
	at com.sun.proxy.$Proxy11.click(Unknown Source)
	at com.pages.Login.loginButtonClick(Login.java:33)
	at com.tests.DemoWebshopTest.testLoginLink(DemoWebshopTest.java:123)
... Removed 29 stack frames</div></td></tr></table><p class="totop"><a href="#summary">back to summary</a></p>
<h3 id="m3">com.tests.DemoWebshopTest#testLoginLink</h3><table class="result"><tr class="param"><th>Parameter #1</th><th>Parameter #2</th></tr><tr class="param stripe"><td>Email</td><td>Password</td></tr><tr><th colspan="2">Exception</th></tr><tr><td colspan="2"><div class="stacktrace">org.openqa.selenium.NoSuchElementException: no such element: Unable to locate element: {&quot;method&quot;:&quot;link text&quot;,&quot;selector&quot;:&quot;Log out&quot;}
  (Session info: chrome=80.0.3987.132)
For documentation on this error, please visit: https://www.seleniumhq.org/exceptions/no_such_element.html
Build info: version: &apos;3.141.59&apos;, revision: &apos;e82be7d358&apos;, time: &apos;2018-11-14T08:17:03&apos;
System info: host: &apos;CDC2-D-CFLNXJ2&apos;, ip: &apos;172.19.73.58&apos;, os.name: &apos;Windows 10&apos;, os.arch: &apos;amd64&apos;, os.version: &apos;10.0&apos;, java.version: &apos;1.8.0_241&apos;
Driver info: org.openqa.selenium.chrome.ChromeDriver
Capabilities {acceptInsecureCerts: false, browserName: chrome, browserVersion: 80.0.3987.132, chrome: {chromedriverVersion: 80.0.3987.106 (f68069574609..., userDataDir: C:\Users\TRAINI~1.01\AppDat...}, goog:chromeOptions: {debuggerAddress: localhost:52386}, javascriptEnabled: true, networkConnectionEnabled: false, pageLoadStrategy: normal, platform: WINDOWS, platformName: WINDOWS, proxy: Proxy(), setWindowRect: true, strictFileInteractability: false, timeouts: {implicit: 0, pageLoad: 300000, script: 30000}, unhandledPromptBehavior: dismiss and notify}
Session ID: 15b146c59f6a586ce549e64d7ff1f1a9
*** Element info: {Using=link text, value=Log out}
	at org.openqa.selenium.remote.http.W3CHttpResponseCodec.createException(W3CHttpResponseCodec.java:187)
	at org.openqa.selenium.remote.http.W3CHttpResponseCodec.decode(W3CHttpResponseCodec.java:122)
	at org.openqa.selenium.remote.http.W3CHttpResponseCodec.decode(W3CHttpResponseCodec.java:49)
	at org.openqa.selenium.remote.HttpCommandExecutor.execute(HttpCommandExecutor.java:158)
	at org.openqa.selenium.remote.service.DriverCommandExecutor.execute(DriverCommandExecutor.java:83)
	at org.openqa.selenium.remote.RemoteWebDriver.execute(RemoteWebDriver.java:552)
	at org.openqa.selenium.remote.RemoteWebDriver.findElement(RemoteWebDriver.java:323)
	at org.openqa.selenium.remote.RemoteWebDriver.findElementByLinkText(RemoteWebDriver.java:380)
	at org.openqa.selenium.By$ByLinkText.findElement(By.java:220)
	at org.openqa.selenium.remote.RemoteWebDriver.findElement(RemoteWebDriver.java:315)
	at org.openqa.selenium.support.pagefactory.DefaultElementLocator.findElement(DefaultElementLocator.java:69)
	at org.openqa.selenium.support.pagefactory.internal.LocatingElementHandler.invoke(LocatingElementHandler.java:38)
	at com.sun.proxy.$Proxy11.click(Unknown Source)
	at com.pages.Login.loginButtonClick(Login.java:33)
	at com.tests.DemoWebshopTest.testLoginLink(DemoWebshopTest.java:123)
... Removed 29 stack frames</div></td></tr></table><p class="totop"><a href="#summary">back to summary</a></p>
<h3 id="m4">com.tests.DemoWebshopTest#testLoginLink</h3><table class="result"><tr class="param"><th>Parameter #1</th><th>Parameter #2</th></tr><tr class="param stripe"><td>Email</td><td>Password</td></tr><tr><th colspan="2">Exception</th></tr><tr><td colspan="2"><div class="stacktrace">org.openqa.selenium.NoSuchElementException: no such element: Unable to locate element: {&quot;method&quot;:&quot;link text&quot;,&quot;selector&quot;:&quot;Log out&quot;}
  (Session info: chrome=80.0.3987.132)
For documentation on this error, please visit: https://www.seleniumhq.org/exceptions/no_such_element.html
Build info: version: &apos;3.141.59&apos;, revision: &apos;e82be7d358&apos;, time: &apos;2018-11-14T08:17:03&apos;
System info: host: &apos;CDC2-D-CFLNXJ2&apos;, ip: &apos;172.19.73.58&apos;, os.name: &apos;Windows 10&apos;, os.arch: &apos;amd64&apos;, os.version: &apos;10.0&apos;, java.version: &apos;1.8.0_241&apos;
Driver info: org.openqa.selenium.chrome.ChromeDriver
Capabilities {acceptInsecureCerts: false, browserName: chrome, browserVersion: 80.0.3987.132, chrome: {chromedriverVersion: 80.0.3987.106 (f68069574609..., userDataDir: C:\Users\TRAINI~1.01\AppDat...}, goog:chromeOptions: {debuggerAddress: localhost:52386}, javascriptEnabled: true, networkConnectionEnabled: false, pageLoadStrategy: normal, platform: WINDOWS, platformName: WINDOWS, proxy: Proxy(), setWindowRect: true, strictFileInteractability: false, timeouts: {implicit: 0, pageLoad: 300000, script: 30000}, unhandledPromptBehavior: dismiss and notify}
Session ID: 15b146c59f6a586ce549e64d7ff1f1a9
*** Element info: {Using=link text, value=Log out}
	at org.openqa.selenium.remote.http.W3CHttpResponseCodec.createException(W3CHttpResponseCodec.java:187)
	at org.openqa.selenium.remote.http.W3CHttpResponseCodec.decode(W3CHttpResponseCodec.java:122)
	at org.openqa.selenium.remote.http.W3CHttpResponseCodec.decode(W3CHttpResponseCodec.java:49)
	at org.openqa.selenium.remote.HttpCommandExecutor.execute(HttpCommandExecutor.java:158)
	at org.openqa.selenium.remote.service.DriverCommandExecutor.execute(DriverCommandExecutor.java:83)
	at org.openqa.selenium.remote.RemoteWebDriver.execute(RemoteWebDriver.java:552)
	at org.openqa.selenium.remote.RemoteWebDriver.findElement(RemoteWebDriver.java:323)
	at org.openqa.selenium.remote.RemoteWebDriver.findElementByLinkText(RemoteWebDriver.java:380)
	at org.openqa.selenium.By$ByLinkText.findElement(By.java:220)
	at org.openqa.selenium.remote.RemoteWebDriver.findElement(RemoteWebDriver.java:315)
	at org.openqa.selenium.support.pagefactory.DefaultElementLocator.findElement(DefaultElementLocator.java:69)
	at org.openqa.selenium.support.pagefactory.internal.LocatingElementHandler.invoke(LocatingElementHandler.java:38)
	at com.sun.proxy.$Proxy11.click(Unknown Source)
	at com.pages.Login.loginButtonClick(Login.java:33)
	at com.tests.DemoWebshopTest.testLoginLink(DemoWebshopTest.java:123)
... Removed 29 stack frames</div></td></tr></table><p class="totop"><a href="#summary">back to summary</a></p>
<h3 id="m5">com.tests.DemoWebshopTest#testRegisterLink</h3><table class="result"><tr><th>Exception</th></tr><tr><td><div class="stacktrace">org.testng.internal.reflect.MethodMatcherException: 
Data provider mismatch
Method: testRegisterLink([Parameter{index=0, type=java.lang.String, declaredAnnotations=[]}, Parameter{index=1, type=java.lang.String, declaredAnnotations=[]}, Parameter{index=2, type=java.lang.String, declaredAnnotations=[]}, Parameter{index=3, type=java.lang.String, declaredAnnotations=[]}, Parameter{index=4, type=java.lang.String, declaredAnnotations=[]}, Parameter{index=5, type=java.lang.String, declaredAnnotations=[]}])
Arguments: [(java.lang.String) email@askmail.com,(java.lang.String) abc123]
... Removed 20 stack frames</div></td></tr></table><p class="totop"><a href="#summary">back to summary</a></p>
<h3 id="m6">com.tests.DemoWebshopTest#testLoginLink</h3><table class="result"><tr class="param"><th>Parameter #1</th><th>Parameter #2</th></tr><tr class="param stripe"><td>askmail@email.com</td><td>abc123</td></tr></table><p class="totop"><a href="#summary">back to summary</a></p>
<h3 id="m7">com.tests.DemoWebshopTest#testLoginLink</h3><table class="result"><tr class="param"><th>Parameter #1</th><th>Parameter #2</th></tr><tr class="param stripe"><td>askmail@gmail.com</td><td>abc123</td></tr></table><p class="totop"><a href="#summary">back to summary</a></p>
<h3 id="m8">com.tests.DemoWebshopTest#testLoginLink</h3><table class="result"><tr class="param"><th>Parameter #1</th><th>Parameter #2</th></tr><tr class="param stripe"><td>askmail@gmail.com</td><td>abc123</td></tr></table><p class="totop"><a href="#summary">back to summary</a></p>
<h3 id="m9">com.tests.DemoWebshopTest#testLoginLink</h3><table class="result"><tr class="param"><th>Parameter #1</th><th>Parameter #2</th></tr><tr class="param stripe"><td>askmail@gmail.com</td><td>abc123</td></tr></table><p class="totop"><a href="#summary">back to summary</a></p>
<h3 id="m10">com.tests.DemoWebshopTest#testLoginLink</h3><table class="result"><tr class="param"><th>Parameter #1</th><th>Parameter #2</th></tr><tr class="param stripe"><td>askmail@gmail.com</td><td>abc123</td></tr></table><p class="totop"><a href="#summary">back to summary</a></p>
<h3 id="m11">com.tests.DemoWebshopTest#testLoginLink</h3><table class="result"><tr class="param"><th>Parameter #1</th><th>Parameter #2</th></tr><tr class="param stripe"><td>askmail@gmail.com</td><td>abc123</td></tr></table><p class="totop"><a href="#summary">back to summary</a></p>
<h3 id="m12">com.tests.DemoWebshopTest#testLoginLink</h3><table class="result"><tr class="param"><th>Parameter #1</th><th>Parameter #2</th></tr><tr class="param stripe"><td>askmail@gmail.com</td><td>abc123</td></tr></table><p class="totop"><a href="#summary">back to summary</a></p>
<h3 id="m13">com.tests.DemoWebshopTest#testLoginLink</h3><table class="result"><tr class="param"><th>Parameter #1</th><th>Parameter #2</th></tr><tr class="param stripe"><td>askmail@ymail.com</td><td>abc123</td></tr></table><p class="totop"><a href="#summary">back to summary</a></p>
<h3 id="m14">com.tests.DemoWebshopTest#testLoginLink</h3><table class="result"><tr class="param"><th>Parameter #1</th><th>Parameter #2</th></tr><tr class="param stripe"><td>askmail@email.com</td><td>abc123</td></tr></table><p class="totop"><a href="#summary">back to summary</a></p>
<h3 id="m15">com.tests.DemoWebshopTest#testLoginLink</h3><table class="result"><tr class="param"><th>Parameter #1</th><th>Parameter #2</th></tr><tr class="param stripe"><td>askmail@ymail.com</td><td>abc123</td></tr></table><p class="totop"><a href="#summary">back to summary</a></p>
<h3 id="m16">com.tests.DemoWebshopTest#testLoginLink</h3><table class="result"><tr class="param"><th>Parameter #1</th><th>Parameter #2</th></tr><tr class="param stripe"><td>askmail@email.com</td><td>abc123</td></tr></table><p class="totop"><a href="#summary">back to summary</a></p>
<h3 id="m17">com.tests.DemoWebshopTest#testLoginLink</h3><table class="result"><tr class="param"><th>Parameter #1</th><th>Parameter #2</th></tr><tr class="param stripe"><td>askmail@gmail.com</td><td>abc123</td></tr></table><p class="totop"><a href="#summary">back to summary</a></p>
<h3 id="m18">com.tests.DemoWebshopTest#testLoginLink</h3><table class="result"><tr class="param"><th>Parameter #1</th><th>Parameter #2</th></tr><tr class="param stripe"><td>askmail@gmail.com</td><td>abc123</td></tr></table><p class="totop"><a href="#summary">back to summary</a></p>
<h3 id="m19">com.tests.DemoWebshopTest#testLoginLink</h3><table class="result"><tr class="param"><th>Parameter #1</th><th>Parameter #2</th></tr><tr class="param stripe"><td>askmail@gmail.com</td><td>abc123</td></tr></table><p class="totop"><a href="#summary">back to summary</a></p>
<h3 id="m20">com.tests.DemoWebshopTest#testLoginLink</h3><table class="result"><tr class="param"><th>Parameter #1</th><th>Parameter #2</th></tr><tr class="param stripe"><td>askmail@gmail.com</td><td>abc123</td></tr></table><p class="totop"><a href="#summary">back to summary</a></p>
<h3 id="m21">com.tests.DemoWebshopTest#testLoginLink</h3><table class="result"><tr class="param"><th>Parameter #1</th><th>Parameter #2</th></tr><tr class="param stripe"><td>askmail@gmail.com</td><td>abc123</td></tr></table><p class="totop"><a href="#summary">back to summary</a></p>
<h3 id="m22">com.tests.DemoWebshopTest#testLoginLink</h3><table class="result"><tr class="param"><th>Parameter #1</th><th>Parameter #2</th></tr><tr class="param stripe"><td>askmail@ymail.com</td><td>abc123</td></tr></table><p class="totop"><a href="#summary">back to summary</a></p>
<h3 id="m23">com.tests.DemoWebshopTest#testLoginLink</h3><table class="result"><tr class="param"><th>Parameter #1</th><th>Parameter #2</th></tr><tr class="param stripe"><td>askmail@ymail.com</td><td>abc123</td></tr></table><p class="totop"><a href="#summary">back to summary</a></p>
<h3 id="m24">com.tests.DemoWebshopTest#testLoginLink</h3><table class="result"><tr class="param"><th>Parameter #1</th><th>Parameter #2</th></tr><tr class="param stripe"><td>askmail@gmail.com</td><td>abc123</td></tr></table><p class="totop"><a href="#summary">back to summary</a></p>
<h3 id="m25">com.tests.DemoWebshopTest#testLoginLink</h3><table class="result"><tr class="param"><th>Parameter #1</th><th>Parameter #2</th></tr><tr class="param stripe"><td>askmail@ymail.com</td><td>abc123</td></tr></table><p class="totop"><a href="#summary">back to summary</a></p>
<h3 id="m26">com.tests.DemoWebshopTest#testLoginLink</h3><table class="result"><tr class="param"><th>Parameter #1</th><th>Parameter #2</th></tr><tr class="param stripe"><td>askmail@email.com</td><td>abc123</td></tr></table><p class="totop"><a href="#summary">back to summary</a></p>
<h3 id="m27">com.tests.DemoWebshopTest#testLoginLink</h3><table class="result"><tr class="param"><th>Parameter #1</th><th>Parameter #2</th></tr><tr class="param stripe"><td>askmail@email.com</td><td>abc123</td></tr></table><p class="totop"><a href="#summary">back to summary</a></p>
<h3 id="m28">com.tests.DemoWebshopTest#testLoginLink</h3><table class="result"><tr class="param"><th>Parameter #1</th><th>Parameter #2</th></tr><tr class="param stripe"><td>askmail@gmail.com</td><td>abc123</td></tr></table><p class="totop"><a href="#summary">back to summary</a></p>
<h3 id="m29">com.tests.DemoWebshopTest#testRegisterLink</h3><table class="result"><tr class="param"><th>Parameter #1</th><th>Parameter #2</th><th>Parameter #3</th><th>Parameter #4</th><th>Parameter #5</th><th>Parameter #6</th></tr><tr class="param stripe"><td>Male</td><td>James</td><td>Lee</td><td>askmail@email.com</td><td>abc123</td><td>abc123</td></tr></table><p class="totop"><a href="#summary">back to summary</a></p>
<h3 id="m30">com.tests.DemoWebshopTest#testRegisterLink</h3><table class="result"><tr class="param"><th>Parameter #1</th><th>Parameter #2</th><th>Parameter #3</th><th>Parameter #4</th><th>Parameter #5</th><th>Parameter #6</th></tr><tr class="param stripe"><td>Gender</td><td>FirstName</td><td>LastName</td><td>Email</td><td>Password</td><td>ConfirmPassword</td></tr></table><p class="totop"><a href="#summary">back to summary</a></p>
<h3 id="m31">com.tests.DemoWebshopTest#testRegisterLink</h3><table class="result"><tr class="param"><th>Parameter #1</th><th>Parameter #2</th><th>Parameter #3</th><th>Parameter #4</th><th>Parameter #5</th><th>Parameter #6</th></tr><tr class="param stripe"><td>Female</td><td>Samantha</td><td>King</td><td>askmail@gmail.com</td><td>abc123</td><td>abc123</td></tr></table><p class="totop"><a href="#summary">back to summary</a></p>
<h3 id="m32">com.tests.DemoWebshopTest#testRegisterLink</h3><table class="result"><tr class="param"><th>Parameter #1</th><th>Parameter #2</th><th>Parameter #3</th><th>Parameter #4</th><th>Parameter #5</th><th>Parameter #6</th></tr><tr class="param stripe"><td>Male</td><td>Peter</td><td>Parker</td><td>askmail@gmail.com</td><td>abc123</td><td>abc123</td></tr></table><p class="totop"><a href="#summary">back to summary</a></p>
<h3 id="m33">com.tests.DemoWebshopTest#testRegisterLink</h3><table class="result"><tr class="param"><th>Parameter #1</th><th>Parameter #2</th><th>Parameter #3</th><th>Parameter #4</th><th>Parameter #5</th><th>Parameter #6</th></tr><tr class="param stripe"><td>Female</td><td>Lisa</td><td>Ray</td><td>askmail@gmail.com</td><td>abc123</td><td>abc123</td></tr></table><p class="totop"><a href="#summary">back to summary</a></p>
<h3 id="m34">com.tests.DemoWebshopTest#testRegisterLink</h3><table class="result"><tr class="param"><th>Parameter #1</th><th>Parameter #2</th><th>Parameter #3</th><th>Parameter #4</th><th>Parameter #5</th><th>Parameter #6</th></tr><tr class="param stripe"><td>Male</td><td>Kevin</td><td>Park</td><td>askmail@ymail.com</td><td>abc123</td><td>abc123</td></tr></table><p class="totop"><a href="#summary">back to summary</a></p>
</body>
</html>
